2025-09-20 12:57:10,578 - INFO - Script iniciado. Tentando carregar as configurações.
2025-09-20 12:57:10,579 - INFO - Arquivo de configuração 'config.yaml' carregado com sucesso.
2025-09-20 13:02:04,543 - INFO - Script iniciado. Tentando carregar as configurações.
2025-09-20 13:02:04,543 - INFO - Arquivo de configuração 'config.yaml' carregado com sucesso.
2025-09-20 13:02:49,602 - INFO - Script iniciado. Tentando carregar as configurações.
2025-09-20 13:02:49,602 - INFO - Arquivo de configuração 'config.yaml' carregado com sucesso.
2025-09-20 13:03:41,149 - INFO - Script iniciado. Tentando carregar as configurações.
2025-09-20 13:03:41,149 - INFO - Arquivo de configuração 'config.yaml' carregado com sucesso.
2025-09-20 13:04:00,272 - INFO - Script iniciado. Tentando carregar as configurações.
2025-09-20 13:04:00,273 - INFO - Arquivo de configuração 'config.yaml' carregado com sucesso.
2025-09-20 13:04:47,632 - INFO - Script iniciado. Tentando carregar as configurações.
2025-09-20 13:04:47,632 - INFO - Arquivo de configuração 'config.yaml' carregado com sucesso.
2025-09-20 13:05:04,770 - INFO - Script iniciado. Tentando carregar as configurações.
2025-09-20 13:05:04,770 - INFO - Arquivo de configuração 'config.yaml' carregado com sucesso.
2025-09-20 13:05:27,632 - INFO - Script iniciado. Tentando carregar as configurações.
2025-09-20 13:05:27,633 - INFO - Arquivo de configuração 'config.yaml' carregado com sucesso.
2025-09-20 13:05:27,633 - INFO - Script finalizado.
2025-09-20 13:11:04,552 - INFO - Script iniciado. Tentando carregar as configurações.
2025-09-20 13:11:04,552 - INFO - Arquivo de configuração 'config.yaml' carregado com sucesso.
2025-09-20 13:11:04,552 - INFO - Script finalizado.
2025-09-20 13:11:05,439 - ERROR - Conectado com sucesso
2025-09-20 13:11:05,439 - INFO - Dados salvos com sucesso em 'api_response_20250920.json'.
2025-09-20 13:18:05,783 - INFO - Script iniciado. Tentando carregar as configurações.
2025-09-20 13:18:05,784 - INFO - Arquivo de configuração 'config.yaml' carregado com sucesso.
2025-09-20 13:18:05,784 - INFO - Script finalizado.
2025-09-20 13:18:06,374 - ERROR - Conectado com sucesso
2025-09-20 13:18:06,375 - INFO - Dados salvos com sucesso em 'api_response_20250920.json'.
2025-09-20 13:18:43,088 - INFO - Script iniciado. Tentando carregar as configurações.
2025-09-20 13:18:43,088 - INFO - Arquivo de configuração 'config.yaml' carregado com sucesso.
2025-09-20 13:18:43,089 - INFO - Script finalizado.
2025-09-20 13:18:44,033 - ERROR - Conectado com sucesso
2025-09-20 13:18:44,034 - INFO - Dados salvos com sucesso em 'api_response_USD_20250920.json'.
2025-09-20 13:23:01,665 - INFO - Script iniciado. Tentando carregar as configurações.
2025-09-20 13:23:01,665 - INFO - Arquivo de configuração 'config.yaml' carregado com sucesso.
2025-09-20 13:23:01,665 - INFO - Script finalizado.
2025-09-20 13:23:02,567 - ERROR - Conectado com sucesso
2025-09-20 13:23:02,568 - INFO - Dados salvos com sucesso em 'api_response_USD_20250920.json'.
2025-09-20 13:41:39,688 - INFO - Script iniciado. Tentando carregar as configurações.
2025-09-20 13:41:39,688 - INFO - Arquivo de configuração 'config.yaml' carregado com sucesso.
2025-09-20 13:41:39,688 - INFO - Script finalizado.
2025-09-20 13:41:40,255 - ERROR - Conectado com sucesso
2025-09-20 13:41:40,256 - INFO - Dados salvos com sucesso em 'api_response_USD_20250920.json'.
2025-09-20 13:42:21,496 - INFO - Script iniciado. Tentando carregar as configurações.
2025-09-20 13:42:21,497 - INFO - Arquivo de configuração 'config.yaml' carregado com sucesso.
2025-09-20 13:42:21,497 - INFO - Script finalizado.
2025-09-20 13:42:22,443 - ERROR - Conectado com sucesso
2025-09-20 13:42:22,444 - INFO - Dados salvos com sucesso em 'api_response_USD_20250920.json'.
2025-09-20 14:28:03,875 - INFO - Script iniciado. Tentando carregar as configurações.
2025-09-20 14:28:58,831 - INFO - Script iniciado. Tentando carregar as configurações.
2025-09-20 14:29:08,258 - INFO - Script iniciado. Tentando carregar as configurações.
2025-09-20 14:29:36,584 - INFO - Script iniciado. Tentando carregar as configurações.
2025-09-20 14:29:49,909 - INFO - Script iniciado. Tentando carregar as configurações.
2025-09-20 14:30:07,783 - INFO - Script iniciado. Tentando carregar as configurações.
2025-09-20 14:30:27,081 - INFO - Script iniciado. Tentando carregar as configurações.
2025-09-20 14:30:54,671 - INFO - Script iniciado. Tentando carregar as configurações.
2025-09-20 14:31:45,580 - INFO - Script iniciado. Tentando carregar as configurações.
2025-09-20 14:32:23,695 - INFO - Script iniciado. Tentando carregar as configurações.
2025-09-20 14:34:17,842 - INFO - Script iniciado. Tentando carregar as configurações.
2025-09-20 14:35:03,422 - INFO - Script iniciado. Tentando carregar as configurações.
2025-09-20 14:35:35,319 - INFO - Script iniciado. Tentando carregar as configurações.
2025-09-20 14:35:35,320 - INFO - Arquivo de configuração 'config.yaml' carregado com sucesso.
2025-09-20 14:35:35,320 - INFO - Script finalizado.
2025-09-20 14:35:35,920 - ERROR - Conectado com sucesso
2025-09-20 14:35:35,921 - INFO - Dados salvos com sucesso em 'api_response_USD_20250920.json'.
2025-09-20 14:36:03,938 - INFO - Script iniciado. Tentando carregar as configurações.
2025-09-20 14:36:03,938 - INFO - Arquivo de configuração 'config.yaml' carregado com sucesso.
2025-09-20 14:36:03,938 - INFO - Script finalizado.
2025-09-20 14:36:04,494 - ERROR - Conectado com sucesso
2025-09-20 14:36:04,495 - INFO - Dados salvos com sucesso em 'api_response_USD_20250920.json'.
2025-09-20 14:37:19,221 - INFO - Script iniciado. Tentando carregar as configurações.
2025-09-20 14:37:19,221 - INFO - Arquivo de configuração 'config.yaml' carregado com sucesso.
2025-09-20 14:37:19,221 - INFO - Script finalizado.
2025-09-20 14:37:20,193 - ERROR - Conectado com sucesso
2025-09-20 14:37:20,194 - INFO - Dados salvos com sucesso em 'api_response_USD_20250920.json'.
2025-09-20 14:38:43,516 - INFO - Script iniciado. Tentando carregar as configurações.
2025-09-20 14:38:43,516 - INFO - Arquivo de configuração 'config.yaml' carregado com sucesso.
2025-09-20 14:38:43,516 - INFO - Script finalizado.
2025-09-20 14:38:44,429 - ERROR - Conectado com sucesso
2025-09-20 14:38:44,430 - INFO - Dados salvos com sucesso em 'api_response_USD_20250920.json'.
